<?xml version="1.0" encoding="UTF-8"?>
<!-- Generated by org.testng.reporters.JUnitReportReporter -->
<testsuite hostname="Ayesha-laptop" failures="0" tests="5" name="TestAPIs.LoginTest" time="0.505" errors="0" timestamp="2025-08-04T10:53:17 PKT" skipped="0">
  <testcase classname="TestAPIs.LoginTest" name="testLogin" time="0.169"/>
  <testcase classname="TestAPIs.LoginTest" name="testLogin" time="0.175"/>
  <testcase classname="TestAPIs.LoginTest" name="testLogin" time="0.047"/>
  <testcase classname="TestAPIs.LoginTest" name="testLogin" time="0.067"/>
  <testcase classname="TestAPIs.LoginTest" name="testLogin" time="0.047"/>
</testsuite> <!-- TestAPIs.LoginTest -->
