<?xml version="1.0" encoding="UTF-8"?>
<!-- Generated by org.testng.reporters.JUnitReportReporter -->
<testsuite hostname="Ayesha-laptop" failures="0" tests="5" name="authTests.LoginTest" time="2.276" errors="0" timestamp="2025-07-29T15:33:21 PKT" skipped="0">
  <testcase classname="authTests.LoginTest" name="testLogin" time="0.169"/>
  <testcase classname="authTests.LoginTest" name="testLogin" time="0.120"/>
  <testcase classname="authTests.LoginTest" name="testLogin" time="0.045"/>
  <testcase classname="authTests.LoginTest" name="testLogin" time="1.899"/>
  <testcase classname="authTests.LoginTest" name="testLogin" time="0.043"/>
</testsuite> <!-- authTests.LoginTest -->
