<?xml version="1.0" encoding="UTF-8"?>
<!-- Generated by org.testng.reporters.JUnitReportReporter -->
<testsuite hostname="Ayesha-laptop" failures="0" tests="1" name="authTests.LogoutTest" time="2.795" errors="0" timestamp="2025-07-29T15:35:56 PKT" skipped="0">
  <testcase classname="authTests.LogoutTest" name="TC01_Logout_ValidToken" time="2.795"/>
</testsuite> <!-- authTests.LogoutTest -->
