<?xml version="1.0" encoding="UTF-8"?>
<!-- Generated by org.testng.reporters.JUnitReportReporter -->
<testsuite hostname="Ayesha-laptop" failures="0" tests="1" name="tests.LogoutTest" time="3.023" errors="0" timestamp="2025-07-28T16:30:14 PKT" skipped="0">
  <testcase classname="tests.LogoutTest" name="TC01_Logout_ValidToken" time="3.023"/>
</testsuite> <!-- tests.LogoutTest -->
