<?xml version="1.0" encoding="UTF-8"?>
<!-- Generated by org.testng.reporters.JUnitReportReporter -->
<testsuite hostname="Ayesha-laptop" failures="0" tests="1" name="TestAPIs.LogoutTest" time="0.260" errors="0" timestamp="2025-08-04T10:53:17 PKT" skipped="0">
  <testcase classname="TestAPIs.LogoutTest" name="TC01_Logout_ValidToken" time="0.260"/>
</testsuite> <!-- TestAPIs.LogoutTest -->
