<?xml version="1.0" encoding="UTF-8"?>
<!-- Generated by org.testng.reporters.JUnitReportReporter -->
<testsuite hostname="Ayesha-laptop" failures="0" tests="3" name="TestAPIs.ResetPasswordTest" time="1.936" errors="0" timestamp="2025-08-04T10:53:17 PKT" skipped="0">
  <testcase classname="TestAPIs.ResetPasswordTest" name="TC01_ResetPassword_correctPassword" time="0.239"/>
  <testcase classname="TestAPIs.ResetPasswordTest" name="TC01_ResetPassword_correctPassword" time="1.364"/>
  <testcase classname="TestAPIs.ResetPasswordTest" name="TC01_ResetPassword_correctPassword" time="0.333"/>
</testsuite> <!-- TestAPIs.ResetPasswordTest -->
