<?xml version="1.0" encoding="UTF-8"?>
<!-- Generated by org.testng.reporters.JUnitReportReporter -->
<testsuite hostname="Ayesha-laptop" failures="0" tests="5" name="tests.GetPermissionsTests" time="4.705" errors="0" timestamp="2025-07-28T16:17:48 PKT" skipped="0">
  <testcase classname="tests.GetPermissionsTests" name="TC01_GetPermissions_ValidToken" time="3.153"/>
  <testcase classname="tests.GetPermissionsTests" name="TC02_GetPermissions_InvalidTokens" time="0.091"/>
  <testcase classname="tests.GetPermissionsTests" name="TC02_GetPermissions_InvalidTokens" time="0.058"/>
  <testcase classname="tests.GetPermissionsTests" name="TC02_GetPermissions_InvalidTokens" time="1.053"/>
  <testcase classname="tests.GetPermissionsTests" name="TC07_GetPermissions_ResponseTimeCheck" time="0.350"/>
</testsuite> <!-- tests.GetPermissionsTests -->
