<?xml version="1.0" encoding="UTF-8"?>
<!-- Generated by org.testng.reporters.JUnitReportReporter -->
<testsuite hostname="Ayesha-laptop" failures="0" tests="5" name="TestAPIs.GetPermissionsTests" time="0.752" errors="0" timestamp="2025-08-04T10:53:17 PKT" skipped="0">
  <testcase classname="TestAPIs.GetPermissionsTests" name="TC01_GetPermissions_ValidToken" time="0.329"/>
  <testcase classname="TestAPIs.GetPermissionsTests" name="TC02_GetPermissions_InvalidTokens" time="0.041"/>
  <testcase classname="TestAPIs.GetPermissionsTests" name="TC02_GetPermissions_InvalidTokens" time="0.036"/>
  <testcase classname="TestAPIs.GetPermissionsTests" name="TC02_GetPermissions_InvalidTokens" time="0.055"/>
  <testcase classname="TestAPIs.GetPermissionsTests" name="TC07_GetPermissions_ResponseTimeCheck" time="0.291"/>
</testsuite> <!-- TestAPIs.GetPermissionsTests -->
