<?xml version="1.0" encoding="UTF-8"?>
<!-- Generated by org.testng.reporters.JUnitReportReporter -->
<testsuite hostname="Ayesha-laptop" failures="0" tests="5" name="userTest.ModuleAPITest" time="3.673" errors="0" timestamp="2025-07-30T12:58:11 PKT" skipped="0">
  <testcase classname="userTest.ModuleAPITest" name="TC01_CreateModule" time="3.243"/>
  <testcase classname="userTest.ModuleAPITest" name="TC01_CreateModule" time="0.061"/>
  <testcase classname="userTest.ModuleAPITest" name="TC02_GetModule" time="0.175"/>
  <testcase classname="userTest.ModuleAPITest" name="TC03_GetModuleByID" time="0.083"/>
  <testcase classname="userTest.ModuleAPITest" name="TC04_DeleteModuleByID" time="0.111"/>
</testsuite> <!-- userTest.ModuleAPITest -->
