<?xml version="1.0" encoding="UTF-8"?>
<!-- Generated by org.testng.reporters.JUnitReportReporter -->
<testsuite hostname="Ayesha-laptop" failures="0" tests="3" name="authTests.ResetPasswordTest" time="3.741" errors="0" timestamp="2025-07-29T15:55:19 PKT" skipped="0">
  <testcase classname="authTests.ResetPasswordTest" name="TC01_ResetPassword_correctPassword" time="0.360"/>
  <testcase classname="authTests.ResetPasswordTest" name="TC01_ResetPassword_correctPassword" time="3.141"/>
  <testcase classname="authTests.ResetPasswordTest" name="TC01_ResetPassword_correctPassword" time="0.240"/>
</testsuite> <!-- authTests.ResetPasswordTest -->
