<?xml version="1.0" encoding="UTF-8"?>
<!-- Generated by org.testng.reporters.JUnitReportReporter -->
<testsuite hostname="Ayesha-laptop" failures="0" tests="5" name="authTests.GetPermissionsTests" time="3.192" errors="0" timestamp="2025-07-30T13:04:35 PKT" skipped="0">
  <testcase classname="authTests.GetPermissionsTests" name="TC01_GetPermissions_ValidToken" time="2.772"/>
  <testcase classname="authTests.GetPermissionsTests" name="TC02_GetPermissions_InvalidTokens" time="0.040"/>
  <testcase classname="authTests.GetPermissionsTests" name="TC02_GetPermissions_InvalidTokens" time="0.047"/>
  <testcase classname="authTests.GetPermissionsTests" name="TC02_GetPermissions_InvalidTokens" time="0.058"/>
  <testcase classname="authTests.GetPermissionsTests" name="TC07_GetPermissions_ResponseTimeCheck" time="0.275"/>
</testsuite> <!-- authTests.GetPermissionsTests -->
