<?xml version="1.0" encoding="UTF-8"?>
<!-- Generated by org.testng.reporters.JUnitReportReporter -->
<testsuite hostname="Ayesha-laptop" failures="0" tests="5" name="tests.LoginTest" time="2.336" errors="0" timestamp="2025-07-28T12:10:05 PKT" skipped="0">
  <testcase classname="tests.LoginTest" name="testLogin" time="0.065"/>
  <testcase classname="tests.LoginTest" name="testLogin" time="1.995"/>
  <testcase classname="tests.LoginTest" name="testLogin" time="0.041"/>
  <testcase classname="tests.LoginTest" name="testLogin" time="0.194"/>
  <testcase classname="tests.LoginTest" name="testLogin" time="0.041"/>
</testsuite> <!-- tests.LoginTest -->
